<?xml version="1.0" encoding="UTF-8"?>
<!-- Generated by org.testng.reporters.JUnitReportReporter -->
<testsuite hostname="LAPTOP-BDL305ER" failures="0" tests="1" name="OrganizationVtiger.CreateOrganizationTest" time="32.575" errors="0" timestamp="2023-07-10T10:33:00 IST" skipped="0">
  <testcase classname="OrganizationVtiger.CreateOrganizationTest" name="createOrganizationTest" time="32.575"/>
  <system-out/>
</testsuite> <!-- OrganizationVtiger.CreateOrganizationTest -->
