<?xml version="1.0" encoding="UTF-8"?>
<!-- Generated by org.testng.reporters.JUnitReportReporter -->
<testsuite hostname="LAPTOP-BDL305ER" failures="0" tests="1" name="CampaignVtiger.CreateCampaignWithProductTest" time="14.493" errors="0" timestamp="2023-07-03T10:53:15 IST" skipped="0">
  <testcase classname="CampaignVtiger.CreateCampaignWithProductTest" name="createCampaignWithProductTest" time="14.493"/>
  <system-out/>
</testsuite> <!-- CampaignVtiger.CreateCampaignWithProductTest -->
