<?xml version="1.0" encoding="UTF-8"?>
<!-- Generated by org.testng.reporters.JUnitReportReporter -->
<testsuite hostname="LAPTOP-BDL305ER" failures="0" tests="1" name="practiceAdvanceSelenium.DataProviderEx3" time="0.011" errors="0" timestamp="2023-06-28T09:30:56 IST" skipped="0">
  <testcase classname="practiceAdvanceSelenium.DataProviderEx3" name="bookTickets" time="0.011"/>
  <system-out/>
</testsuite> <!-- practiceAdvanceSelenium.DataProviderEx3 -->
