<?xml version="1.0" encoding="UTF-8"?>
<!-- Generated by org.testng.reporters.JUnitReportReporter -->
<testsuite hostname="LAPTOP-BDL305ER" failures="0" tests="2" name="practiceAdvanceSelenium.DataProvider1" time="0.013" errors="0" timestamp="2023-06-27T10:31:55 IST" skipped="0">
  <testcase classname="practiceAdvanceSelenium.DataProvider1" name="bookTickets" time="0.005"/>
  <system-out/>
  <testcase classname="practiceAdvanceSelenium.DataProvider1" name="bookTickets" time="0.008"/>
  <system-out/>
</testsuite> <!-- practiceAdvanceSelenium.DataProvider1 -->
