<?xml version="1.0" encoding="UTF-8"?>
<!-- Generated by org.testng.reporters.JUnitReportReporter -->
<testsuite hostname="LAPTOP-BDL305ER" failures="0" tests="2" name="practiceAdvanceSelenium.HardAssertEx" time="0.012" errors="0" timestamp="2023-06-28T11:02:42 IST" skipped="0">
  <testcase classname="practiceAdvanceSelenium.HardAssertEx" name="m1" time="0.010"/>
  <system-out/>
  <testcase classname="practiceAdvanceSelenium.HardAssertEx" name="m2" time="0.002"/>
  <system-out/>
</testsuite> <!-- practiceAdvanceSelenium.HardAssertEx -->
