<?xml version="1.0" encoding="UTF-8"?>
<!-- Generated by org.testng.reporters.JUnitReportReporter -->
<testsuite hostname="LAPTOP-BDL305ER" failures="0" tests="3" name="TestNgTopic.TestNgExample" time="0.013" errors="0" timestamp="2023-06-21T11:44:42 IST" skipped="1">
  <testcase classname="TestNgTopic.TestNgExample" name="modifyContact" time="0.002"/>
  <system-out/>
  <testcase classname="TestNgTopic.TestNgExample" name="createContact" time="0.011"/>
  <system-out/>
  <testcase classname="TestNgTopic.TestNgExample" name="deleteContact">
    <skipped/>
  </testcase> <!-- deleteContact -->
  <system-out/>
</testsuite> <!-- TestNgTopic.TestNgExample -->
