<?xml version="1.0" encoding="UTF-8"?>
<!-- Generated by org.testng.reporters.JUnitReportReporter -->
<testsuite hostname="LAPTOP-BDL305ER" failures="0" tests="3" name="practiceAdvanceSelenium.DataProviderExample2" time="53.597" errors="0" timestamp="2023-06-27T11:34:26 IST" skipped="0">
  <testcase classname="practiceAdvanceSelenium.DataProviderExample2" name="name" time="17.275"/>
  <system-out/>
  <testcase classname="practiceAdvanceSelenium.DataProviderExample2" name="name" time="18.798"/>
  <system-out/>
  <testcase classname="practiceAdvanceSelenium.DataProviderExample2" name="name" time="17.524"/>
  <system-out/>
</testsuite> <!-- practiceAdvanceSelenium.DataProviderExample2 -->
