<?xml version="1.0" encoding="UTF-8"?>
<!-- Generated by org.testng.reporters.JUnitReportReporter -->
<testsuite hostname="LAPTOP-BDL305ER" failures="0" tests="1" name="OrganizationVtiger.CreateOrganizationWithIndustryAndTypeTest" time="16.537" errors="0" timestamp="2023-06-26T11:50:49 IST" skipped="0">
  <testcase classname="OrganizationVtiger.CreateOrganizationWithIndustryAndTypeTest" name="createOrganizationWithIndustryAndTypeTest" time="16.537"/>
  <system-out/>
</testsuite> <!-- OrganizationVtiger.CreateOrganizationWithIndustryAndTypeTest -->
